TN:
SF:main.js
FN:1,Person
FN:6,(anonymous_1)
FN:11,Teacher
FN:25,(anonymous_3)
FN:28,(anonymous_4)
FN:35,(anonymous_5)
FN:40,Book
FN:46,Student
FN:58,(anonymous_8)
FN:63,(anonymous_9)
FNF:10
FNH:10
FNDA:4,Person
FNDA:1,(anonymous_1)
FNDA:1,Teacher
FNDA:1,(anonymous_3)
FNDA:1,(anonymous_4)
FNDA:1,(anonymous_5)
FNDA:1,Book
FNDA:1,Student
FNDA:1,(anonymous_8)
FNDA:2,(anonymous_9)
DA:2,4
DA:3,4
DA:4,4
DA:6,4
DA:7,1
DA:19,1
DA:21,1
DA:22,1
DA:23,1
DA:25,1
DA:26,1
DA:28,1
DA:29,1
DA:30,1
DA:32,1
DA:35,1
DA:38,1
DA:41,1
DA:42,1
DA:43,1
DA:53,1
DA:55,1
DA:56,1
DA:58,1
DA:59,1
DA:60,1
DA:63,1
DA:64,2
DA:65,2
DA:66,3
DA:67,1
DA:72,1
DA:76,1
DA:78,1
DA:79,1
DA:80,1
DA:81,1
LF:37
LH:37
BRDA:17,0,0,0
BRDA:29,1,0,1
BRDA:29,1,1,0
BRDA:40,2,0,0
BRDA:50,3,0,0
BRDA:51,4,0,0
BRDA:66,5,0,1
BRDA:66,5,1,2
BRF:8
BRH:3
end_of_record
